#
# A fatal error has been detected by the Java Runtime Environment:
#
#  SIGSEGV (0xb) at pc=0x000000012c4f5829, pid=3277, tid=0x000000000000ff1f
#
# JRE version: Java(TM) SE Runtime Environment (8.0_144-b01) (build 1.8.0_144-b01)
# Java VM: Java HotSpot(TM) 64-Bit Server VM (25.144-b01 mixed mode bsd-amd64 compressed oops)
# Problematic frame:
# C  [libopencv_java320.dylib+0xc829]  Java_org_opencv_core_Mat_nPutD+0x569
#
# Failed to write core dump. Core dumps have been disabled. To enable core dumping, try "ulimit -c unlimited" before starting Java again
#
# If you would like to submit a bug report, please visit:
#   http://bugreport.java.com/bugreport/crash.jsp
# The crash happened outside the Java Virtual Machine in native code.
# See problematic frame for where to report the bug.
#

---------------  T H R E A D  ---------------

Current thread (0x00007f9b3f96c800):  JavaThread "Animation Thread" [_thread_in_native, id=65311, stack(0x0000700005828000,0x0000700005928000)]

siginfo: si_signo: 11 (SIGSEGV), si_code: 0 (unknown), si_addr: 0x0000000000000000

Registers:
RAX=0x3f807f9b3f68d770, RBX=0x00000000ffffffff, RCX=0x0000000000000001, RDX=0x00000000fffffffe
RSP=0x0000700005927420, RBP=0x0000700005927490, RSI=0x0000000000000000, RDI=0x00007000059273e8
R8 =0x00000000fffffffd, R9 =0x0000000000000001, R10=0x0000000000000001, R11=0x000000000000000c
R12=0x0000000042ff4005, R13=0x0000000000000000, R14=0x00000007abb40e58, R15=0x3f80000000000004
RIP=0x000000012c4f5829, EFLAGS=0x0000000000010246, ERR=0x0000000000000000
  TRAPNO=0x000000000000000d

Top of Stack: (sp=0x0000700005927420)
0x0000700005927420:   0000700005927440 0000000000000001
0x0000700005927430:   00000007abb40e58 0000000000000001
0x0000700005927440:   00007f9b3f96c9f8 0000000111c25e18
0x0000700005927450:   00007f9b3f96c800 0000000000000001
0x0000700005927460:   00007f9b3f68d6f0 0000000111c25e18
0x0000700005927470:   0000000000000000 0000000111c25e18
0x0000700005927480:   0000700005927558 00007f9b3f96c800
0x0000700005927490:   0000700005927510 000000011aba49f4
0x00007000059274a0:   0000700005927530 0000000119a87c28
0x00007000059274b0:   0000000000000000 0000000111c25bb8
0x00007000059274c0:   0000000000000000 00007000059274f0
0x00007000059274d0:   00007000059274d0 0000000000000000
0x00007000059274e0:   0000700005927558 0000000119a87c28
0x00007000059274f0:   0000000000000000 0000000111c25e18
0x0000700005927500:   0000000000000000 0000700005927530
0x0000700005927510:   00007000059275a0 000000011ab94d00
0x0000700005927520:   0000000782593f08 000000011ab9e536
0x0000700005927530:   00000007abb40e48 0000000000000001
0x0000700005927540:   0000000000000001 0000000000000001
0x0000700005927550:   00007f9b3f68d6f0 0000000000000001
0x0000700005927560:   0000700005927560 0000000111c22364
0x0000700005927570:   00007000059275d0 0000000119a87c28
0x0000700005927580:   0000000000000000 0000000111c223b8
0x0000700005927590:   0000700005927530 00007000059275b8
0x00007000059275a0:   0000700005927618 000000011ab94d00
0x00007000059275b0:   0000000000000005 00000007abb40e48
0x00007000059275c0:   0000000000000001 0000000000000001
0x00007000059275d0:   00000007abb3b4f8 00007000059275d8
0x00007000059275e0:   0000000111c2682c 0000700005927648
0x00007000059275f0:   0000000119a88ab8 0000000000000000
0x0000700005927600:   0000000111c268c8 00007000059275b8
0x0000700005927610:   0000700005927628 0000700005927698 

Instructions: (pc=0x000000012c4f5829)
0x000000012c4f5809:   fe 49 39 fa 74 41 48 8d 04 b8 41 81 e5 ff 01 00
0x000000012c4f5819:   00 66 0f 1f 44 00 00 f2 41 0f 10 06 f2 0f 5a c0
0x000000012c4f5829:   f3 0f 11 00 49 83 c6 08 83 f9 02 8d 49 ff 7c 17
0x000000012c4f5839:   48 83 c0 04 44 39 ee 8d 56 01 89 d6 7c d9 66 0f 

Register to memory mapping:

RAX=0x3f807f9b3f68d770 is an unknown value
RBX=0x00000000ffffffff is an unknown value
RCX=0x0000000000000001 is an unknown value
RDX=0x00000000fffffffe is an unknown value
RSP=0x0000700005927420 is pointing into the stack for thread: 0x00007f9b3f96c800
RBP=0x0000700005927490 is pointing into the stack for thread: 0x00007f9b3f96c800
RSI=0x0000000000000000 is an unknown value
RDI=0x00007000059273e8 is pointing into the stack for thread: 0x00007f9b3f96c800
R8 =0x00000000fffffffd is an unknown value
R9 =0x0000000000000001 is an unknown value
R10=0x0000000000000001 is an unknown value
R11=0x000000000000000c is an unknown value
R12=0x0000000042ff4005 is an unknown value
R13=0x0000000000000000 is an unknown value
R14=0x00000007abb40e58 is an oop
